mode: atomic
github.com/cbsinteractive/bakery/parsers/urlparser.go:92.67,94.2 1 21
github.com/cbsinteractive/bakery/parsers/urlparser.go:100.62,106.40 5 56
github.com/cbsinteractive/bakery/parsers/urlparser.go:116.2,116.29 1 54
github.com/cbsinteractive/bakery/parsers/urlparser.go:219.2,221.36 2 35
github.com/cbsinteractive/bakery/parsers/urlparser.go:106.40,108.3 1 50
github.com/cbsinteractive/bakery/parsers/urlparser.go:108.8,108.46 1 6
github.com/cbsinteractive/bakery/parsers/urlparser.go:108.46,110.3 1 2
github.com/cbsinteractive/bakery/parsers/urlparser.go:110.8,110.46 1 4
github.com/cbsinteractive/bakery/parsers/urlparser.go:110.46,112.3 1 2
github.com/cbsinteractive/bakery/parsers/urlparser.go:112.8,114.3 1 2
github.com/cbsinteractive/bakery/parsers/urlparser.go:116.29,122.25 2 191
github.com/cbsinteractive/bakery/parsers/urlparser.go:130.3,134.34 4 66
github.com/cbsinteractive/bakery/parsers/urlparser.go:122.25,123.29 1 125
github.com/cbsinteractive/bakery/parsers/urlparser.go:126.4,127.12 2 123
github.com/cbsinteractive/bakery/parsers/urlparser.go:123.29,124.13 1 2
github.com/cbsinteractive/bakery/parsers/urlparser.go:135.12,136.37 1 18
github.com/cbsinteractive/bakery/parsers/urlparser.go:141.12,142.37 1 13
github.com/cbsinteractive/bakery/parsers/urlparser.go:147.12,148.37 1 4
github.com/cbsinteractive/bakery/parsers/urlparser.go:153.13,154.40 1 4
github.com/cbsinteractive/bakery/parsers/urlparser.go:161.12,162.33 1 1
github.com/cbsinteractive/bakery/parsers/urlparser.go:166.12,168.18 2 8
github.com/cbsinteractive/bakery/parsers/urlparser.go:172.4,175.5 1 4
github.com/cbsinteractive/bakery/parsers/urlparser.go:176.12,178.18 2 3
github.com/cbsinteractive/bakery/parsers/urlparser.go:182.4,185.5 1 1
github.com/cbsinteractive/bakery/parsers/urlparser.go:186.15,188.26 2 5
github.com/cbsinteractive/bakery/parsers/urlparser.go:189.14,190.38 1 3
github.com/cbsinteractive/bakery/parsers/urlparser.go:194.13,195.24 1 4
github.com/cbsinteractive/bakery/parsers/urlparser.go:199.4,200.18 2 3
github.com/cbsinteractive/bakery/parsers/urlparser.go:204.4,204.18 1 2
github.com/cbsinteractive/bakery/parsers/urlparser.go:205.14,206.24 1 3
github.com/cbsinteractive/bakery/parsers/urlparser.go:210.4,211.18 2 2
github.com/cbsinteractive/bakery/parsers/urlparser.go:215.4,215.33 1 2
github.com/cbsinteractive/bakery/parsers/urlparser.go:136.37,137.47 1 19
github.com/cbsinteractive/bakery/parsers/urlparser.go:137.47,139.6 1 4
github.com/cbsinteractive/bakery/parsers/urlparser.go:142.37,143.47 1 16
github.com/cbsinteractive/bakery/parsers/urlparser.go:143.47,145.6 1 3
github.com/cbsinteractive/bakery/parsers/urlparser.go:148.37,149.49 1 4
github.com/cbsinteractive/bakery/parsers/urlparser.go:149.49,151.6 1 2
github.com/cbsinteractive/bakery/parsers/urlparser.go:154.40,155.58 1 6
github.com/cbsinteractive/bakery/parsers/urlparser.go:159.5,159.59 1 5
github.com/cbsinteractive/bakery/parsers/urlparser.go:155.58,158.6 2 1
github.com/cbsinteractive/bakery/parsers/urlparser.go:162.33,165.5 2 1
github.com/cbsinteractive/bakery/parsers/urlparser.go:168.18,170.5 1 4
github.com/cbsinteractive/bakery/parsers/urlparser.go:178.18,180.5 1 2
github.com/cbsinteractive/bakery/parsers/urlparser.go:190.38,193.5 2 5
github.com/cbsinteractive/bakery/parsers/urlparser.go:195.24,197.5 1 1
github.com/cbsinteractive/bakery/parsers/urlparser.go:200.18,202.5 1 1
github.com/cbsinteractive/bakery/parsers/urlparser.go:206.24,208.5 1 1
github.com/cbsinteractive/bakery/parsers/urlparser.go:211.18,213.5 1 0
github.com/cbsinteractive/bakery/parsers/urlparser.go:224.56,228.24 3 125
github.com/cbsinteractive/bakery/parsers/urlparser.go:235.2,235.14 1 123
github.com/cbsinteractive/bakery/parsers/urlparser.go:228.24,229.58 1 2
github.com/cbsinteractive/bakery/parsers/urlparser.go:232.3,232.14 1 2
github.com/cbsinteractive/bakery/parsers/urlparser.go:229.58,231.4 1 4
github.com/cbsinteractive/bakery/parsers/urlparser.go:238.59,244.33 4 39
github.com/cbsinteractive/bakery/parsers/urlparser.go:254.2,255.24 2 39
github.com/cbsinteractive/bakery/parsers/urlparser.go:259.2,261.32 3 6
github.com/cbsinteractive/bakery/parsers/urlparser.go:271.2,271.22 1 6
github.com/cbsinteractive/bakery/parsers/urlparser.go:278.2,278.12 1 6
github.com/cbsinteractive/bakery/parsers/urlparser.go:244.33,247.3 2 17
github.com/cbsinteractive/bakery/parsers/urlparser.go:247.8,250.3 2 22
github.com/cbsinteractive/bakery/parsers/urlparser.go:255.24,257.3 1 33
github.com/cbsinteractive/bakery/parsers/urlparser.go:261.32,262.27 1 14
github.com/cbsinteractive/bakery/parsers/urlparser.go:262.27,265.4 2 6
github.com/cbsinteractive/bakery/parsers/urlparser.go:265.9,268.4 2 8
github.com/cbsinteractive/bakery/parsers/urlparser.go:271.22,273.17 2 14
github.com/cbsinteractive/bakery/parsers/urlparser.go:273.17,275.4 1 0
github.com/cbsinteractive/bakery/parsers/urlparser.go:282.71,283.13 1 47
github.com/cbsinteractive/bakery/parsers/urlparser.go:311.2,311.12 1 38
github.com/cbsinteractive/bakery/parsers/urlparser.go:284.12,285.28 1 28
github.com/cbsinteractive/bakery/parsers/urlparser.go:296.11,297.28 1 5
github.com/cbsinteractive/bakery/parsers/urlparser.go:300.11,302.17 2 14
github.com/cbsinteractive/bakery/parsers/urlparser.go:305.3,308.4 1 8
github.com/cbsinteractive/bakery/parsers/urlparser.go:285.28,286.13 1 34
github.com/cbsinteractive/bakery/parsers/urlparser.go:287.17,288.54 1 7
github.com/cbsinteractive/bakery/parsers/urlparser.go:289.12,290.46 1 27
github.com/cbsinteractive/bakery/parsers/urlparser.go:293.5,293.37 1 24
github.com/cbsinteractive/bakery/parsers/urlparser.go:290.46,292.6 1 3
github.com/cbsinteractive/bakery/parsers/urlparser.go:297.28,299.4 1 7
github.com/cbsinteractive/bakery/parsers/urlparser.go:302.17,304.4 1 6
github.com/cbsinteractive/bakery/parsers/urlparser.go:316.50,317.23 1 35
github.com/cbsinteractive/bakery/parsers/urlparser.go:321.2,321.30 1 4
github.com/cbsinteractive/bakery/parsers/urlparser.go:325.2,325.30 1 4
github.com/cbsinteractive/bakery/parsers/urlparser.go:329.2,329.18 1 4
github.com/cbsinteractive/bakery/parsers/urlparser.go:317.23,319.3 1 31
github.com/cbsinteractive/bakery/parsers/urlparser.go:321.30,323.3 1 2
github.com/cbsinteractive/bakery/parsers/urlparser.go:325.30,327.3 1 3
github.com/cbsinteractive/bakery/parsers/urlparser.go:333.71,337.21 3 25
github.com/cbsinteractive/bakery/parsers/urlparser.go:346.2,346.40 1 24
github.com/cbsinteractive/bakery/parsers/urlparser.go:355.2,355.39 1 23
github.com/cbsinteractive/bakery/parsers/urlparser.go:359.2,359.18 1 13
github.com/cbsinteractive/bakery/parsers/urlparser.go:337.21,339.17 2 23
github.com/cbsinteractive/bakery/parsers/urlparser.go:339.17,341.4 1 1
github.com/cbsinteractive/bakery/parsers/urlparser.go:342.8,344.3 1 2
github.com/cbsinteractive/bakery/parsers/urlparser.go:346.40,348.17 2 21
github.com/cbsinteractive/bakery/parsers/urlparser.go:348.17,350.4 1 1
github.com/cbsinteractive/bakery/parsers/urlparser.go:351.8,353.3 1 3
github.com/cbsinteractive/bakery/parsers/urlparser.go:355.39,357.3 1 10
github.com/cbsinteractive/bakery/parsers/urlparser.go:362.39,363.29 1 5
github.com/cbsinteractive/bakery/parsers/urlparser.go:363.29,364.14 1 6
github.com/cbsinteractive/bakery/parsers/urlparser.go:365.14,366.16 1 2
github.com/cbsinteractive/bakery/parsers/urlparser.go:367.18,368.19 1 2
github.com/cbsinteractive/bakery/parsers/urlparser.go:369.17,370.19 1 2
github.com/cbsinteractive/bakery/parsers/urlparser.go:376.44,377.20 1 4
github.com/cbsinteractive/bakery/parsers/urlparser.go:381.2,381.20 1 3
github.com/cbsinteractive/bakery/parsers/urlparser.go:377.20,379.3 1 1
github.com/cbsinteractive/bakery/parsers/urlparser.go:385.47,386.20 1 4
github.com/cbsinteractive/bakery/parsers/urlparser.go:390.2,390.23 1 3
github.com/cbsinteractive/bakery/parsers/urlparser.go:386.20,388.3 1 1
github.com/cbsinteractive/bakery/parsers/urlparser.go:393.60,394.11 1 5
github.com/cbsinteractive/bakery/parsers/urlparser.go:395.15,396.20 1 1
github.com/cbsinteractive/bakery/parsers/urlparser.go:397.14,398.19 1 3
github.com/cbsinteractive/bakery/parsers/urlparser.go:399.10,400.61 1 1
github.com/cbsinteractive/bakery/parsers/util.go:8.55,12.20 4 66
github.com/cbsinteractive/bakery/parsers/util.go:15.2,15.30 1 4
github.com/cbsinteractive/bakery/parsers/util.go:20.2,20.43 1 4
github.com/cbsinteractive/bakery/parsers/util.go:12.20,14.3 1 62
github.com/cbsinteractive/bakery/parsers/util.go:15.30,19.3 3 4
github.com/cbsinteractive/bakery/parsers/util.go:25.48,29.10 1 23
github.com/cbsinteractive/bakery/parsers/util.go:33.2,33.13 1 13
github.com/cbsinteractive/bakery/parsers/util.go:29.10,31.3 1 10
github.com/cbsinteractive/bakery/config/client.go:23.41,28.2 2 2
github.com/cbsinteractive/bakery/config/config.go:31.35,34.16 3 2
github.com/cbsinteractive/bakery/config/config.go:38.2,43.54 4 2
github.com/cbsinteractive/bakery/config/config.go:34.16,36.3 1 0
github.com/cbsinteractive/bakery/config/config.go:47.36,48.31 1 5
github.com/cbsinteractive/bakery/config/config.go:52.2,52.14 1 4
github.com/cbsinteractive/bakery/config/config.go:48.31,50.3 1 1
github.com/cbsinteractive/bakery/config/config.go:56.44,58.44 2 4
github.com/cbsinteractive/bakery/config/config.go:62.2,66.15 1 4
github.com/cbsinteractive/bakery/config/config.go:58.44,60.3 1 1
github.com/cbsinteractive/bakery/config/config.go:70.44,71.21 1 5
github.com/cbsinteractive/bakery/config/config.go:75.2,75.46 1 4
github.com/cbsinteractive/bakery/config/config.go:79.2,79.12 1 1
github.com/cbsinteractive/bakery/config/config.go:71.21,73.3 1 1
github.com/cbsinteractive/bakery/config/config.go:75.46,77.3 1 3
github.com/cbsinteractive/bakery/config/config.go:83.47,87.106 3 1
github.com/cbsinteractive/bakery/config/config.go:99.2,104.14 4 1
github.com/cbsinteractive/bakery/config/config.go:87.106,98.3 1 2
github.com/cbsinteractive/bakery/config/config.go:108.66,109.46 1 1
github.com/cbsinteractive/bakery/config/config.go:109.46,110.72 1 1
github.com/cbsinteractive/bakery/config/config.go:110.72,111.50 1 2
github.com/cbsinteractive/bakery/config/config.go:118.4,118.24 1 1
github.com/cbsinteractive/bakery/config/config.go:111.50,117.5 3 1
github.com/cbsinteractive/bakery/config/propeller.go:20.77,21.35 1 2
github.com/cbsinteractive/bakery/config/propeller.go:25.2,26.16 2 1
github.com/cbsinteractive/bakery/config/propeller.go:30.2,31.16 2 1
github.com/cbsinteractive/bakery/config/propeller.go:35.2,42.12 2 1
github.com/cbsinteractive/bakery/config/propeller.go:21.35,23.3 1 1
github.com/cbsinteractive/bakery/config/propeller.go:26.16,28.3 1 0
github.com/cbsinteractive/bakery/config/propeller.go:31.16,33.3 1 0
github.com/cbsinteractive/bakery/config/tracer.go:16.61,19.18 2 2
github.com/cbsinteractive/bakery/config/tracer.go:28.2,29.16 2 2
github.com/cbsinteractive/bakery/config/tracer.go:33.2,33.15 1 2
github.com/cbsinteractive/bakery/config/tracer.go:19.18,24.3 1 0
github.com/cbsinteractive/bakery/config/tracer.go:24.8,26.3 1 2
github.com/cbsinteractive/bakery/config/tracer.go:29.16,31.3 1 0
github.com/cbsinteractive/bakery/handlers/error.go:24.64,35.2 3 6
github.com/cbsinteractive/bakery/handlers/error.go:38.91,41.2 2 6
github.com/cbsinteractive/bakery/handlers/error.go:43.66,45.16 2 6
github.com/cbsinteractive/bakery/handlers/error.go:49.2,49.36 1 6
github.com/cbsinteractive/bakery/handlers/error.go:45.16,48.3 2 0
github.com/cbsinteractive/bakery/handlers/handler.go:15.48,16.71 1 12
github.com/cbsinteractive/bakery/handlers/handler.go:16.71,21.17 3 11
github.com/cbsinteractive/bakery/handlers/handler.go:28.3,29.17 2 9
github.com/cbsinteractive/bakery/handlers/handler.go:35.3,39.17 3 8
github.com/cbsinteractive/bakery/handlers/handler.go:46.3,46.33 1 8
github.com/cbsinteractive/bakery/handlers/handler.go:66.3,67.32 2 5
github.com/cbsinteractive/bakery/handlers/handler.go:80.3,81.17 2 5
github.com/cbsinteractive/bakery/handlers/handler.go:88.3,88.61 1 3
github.com/cbsinteractive/bakery/handlers/handler.go:93.3,93.34 1 3
github.com/cbsinteractive/bakery/handlers/handler.go:21.17,25.4 3 2
github.com/cbsinteractive/bakery/handlers/handler.go:29.17,33.4 3 1
github.com/cbsinteractive/bakery/handlers/handler.go:39.17,43.4 3 0
github.com/cbsinteractive/bakery/handlers/handler.go:46.33,47.43 1 3
github.com/cbsinteractive/bakery/handlers/handler.go:58.4,61.10 4 1
github.com/cbsinteractive/bakery/handlers/handler.go:47.43,48.34 1 2
github.com/cbsinteractive/bakery/handlers/handler.go:56.5,56.11 1 2
github.com/cbsinteractive/bakery/handlers/handler.go:49.30,51.52 2 1
github.com/cbsinteractive/bakery/handlers/handler.go:52.30,54.44 2 1
github.com/cbsinteractive/bakery/handlers/handler.go:68.28,70.59 2 2
github.com/cbsinteractive/bakery/handlers/handler.go:71.29,73.58 2 1
github.com/cbsinteractive/bakery/handlers/handler.go:74.28,76.46 2 2
github.com/cbsinteractive/bakery/handlers/handler.go:81.17,85.4 3 2
github.com/cbsinteractive/bakery/handlers/handler.go:88.61,90.4 1 0
github.com/cbsinteractive/bakery/origin/origin.go:39.83,40.41 1 11
github.com/cbsinteractive/bakery/origin/origin.go:45.2,45.108 1 4
github.com/cbsinteractive/bakery/origin/origin.go:53.2,53.45 1 4
github.com/cbsinteractive/bakery/origin/origin.go:40.41,42.3 1 7
github.com/cbsinteractive/bakery/origin/origin.go:45.108,47.17 2 2
github.com/cbsinteractive/bakery/origin/origin.go:50.3,50.21 1 2
github.com/cbsinteractive/bakery/origin/origin.go:47.17,49.4 1 0
github.com/cbsinteractive/bakery/origin/origin.go:58.70,60.16 2 4
github.com/cbsinteractive/bakery/origin/origin.go:64.2,64.34 1 3
github.com/cbsinteractive/bakery/origin/origin.go:68.2,71.8 1 2
github.com/cbsinteractive/bakery/origin/origin.go:60.16,62.3 1 1
github.com/cbsinteractive/bakery/origin/origin.go:64.34,66.3 1 1
github.com/cbsinteractive/bakery/origin/origin.go:75.49,76.19 1 4
github.com/cbsinteractive/bakery/origin/origin.go:80.2,80.32 1 2
github.com/cbsinteractive/bakery/origin/origin.go:76.19,78.3 1 2
github.com/cbsinteractive/bakery/origin/origin.go:84.109,86.2 1 2
github.com/cbsinteractive/bakery/origin/origin.go:88.100,90.16 2 4
github.com/cbsinteractive/bakery/origin/origin.go:94.2,98.16 4 4
github.com/cbsinteractive/bakery/origin/origin.go:101.2,104.16 3 4
github.com/cbsinteractive/bakery/origin/origin.go:108.2,109.62 2 4
github.com/cbsinteractive/bakery/origin/origin.go:116.2,120.8 1 4
github.com/cbsinteractive/bakery/origin/origin.go:90.16,92.3 1 0
github.com/cbsinteractive/bakery/origin/origin.go:98.16,100.3 1 0
github.com/cbsinteractive/bakery/origin/origin.go:104.16,106.3 1 0
github.com/cbsinteractive/bakery/origin/origin.go:109.62,111.17 2 0
github.com/cbsinteractive/bakery/origin/origin.go:111.17,113.4 1 0
github.com/cbsinteractive/bakery/origin/origin.go:123.60,126.16 3 2
github.com/cbsinteractive/bakery/origin/origin.go:130.2,130.25 1 2
github.com/cbsinteractive/bakery/origin/origin.go:126.16,128.3 1 0
github.com/cbsinteractive/bakery/origin/propeller.go:39.92,43.16 3 7
github.com/cbsinteractive/bakery/origin/propeller.go:47.2,53.18 6 6
github.com/cbsinteractive/bakery/origin/propeller.go:63.2,63.37 1 6
github.com/cbsinteractive/bakery/origin/propeller.go:43.16,45.3 1 1
github.com/cbsinteractive/bakery/origin/propeller.go:53.18,56.3 2 1
github.com/cbsinteractive/bakery/origin/propeller.go:56.8,56.27 1 5
github.com/cbsinteractive/bakery/origin/propeller.go:56.27,59.3 2 3
github.com/cbsinteractive/bakery/origin/propeller.go:59.8,62.3 2 2
github.com/cbsinteractive/bakery/origin/propeller.go:67.95,69.16 2 8
github.com/cbsinteractive/bakery/origin/propeller.go:73.2,75.8 1 6
github.com/cbsinteractive/bakery/origin/propeller.go:69.16,71.3 1 2
github.com/cbsinteractive/bakery/origin/propeller.go:79.45,81.2 1 1
github.com/cbsinteractive/bakery/origin/propeller.go:84.105,86.2 1 2
github.com/cbsinteractive/bakery/origin/propeller.go:92.65,94.41 2 7
github.com/cbsinteractive/bakery/origin/propeller.go:106.2,106.73 1 1
github.com/cbsinteractive/bakery/origin/propeller.go:94.41,96.22 2 16
github.com/cbsinteractive/bakery/origin/propeller.go:99.3,99.46 1 6
github.com/cbsinteractive/bakery/origin/propeller.go:104.3,104.21 1 6
github.com/cbsinteractive/bakery/origin/propeller.go:96.22,97.12 1 10
github.com/cbsinteractive/bakery/origin/propeller.go:99.46,100.14 1 26
github.com/cbsinteractive/bakery/origin/propeller.go:100.14,102.5 1 20
github.com/cbsinteractive/bakery/origin/propeller.go:130.96,132.16 2 15
github.com/cbsinteractive/bakery/origin/propeller.go:135.2,135.26 1 13
github.com/cbsinteractive/bakery/origin/propeller.go:132.16,134.3 1 2
github.com/cbsinteractive/bakery/origin/propeller.go:138.78,141.48 1 13
github.com/cbsinteractive/bakery/origin/propeller.go:144.2,144.22 1 10
github.com/cbsinteractive/bakery/origin/propeller.go:147.2,147.31 1 8
github.com/cbsinteractive/bakery/origin/propeller.go:154.2,154.33 1 7
github.com/cbsinteractive/bakery/origin/propeller.go:141.48,143.3 1 3
github.com/cbsinteractive/bakery/origin/propeller.go:144.22,146.3 1 2
github.com/cbsinteractive/bakery/origin/propeller.go:147.31,148.29 1 1
github.com/cbsinteractive/bakery/origin/propeller.go:152.3,152.66 1 1
github.com/cbsinteractive/bakery/origin/propeller.go:148.29,150.4 1 0
github.com/cbsinteractive/bakery/origin/propeller.go:167.95,169.16 2 16
github.com/cbsinteractive/bakery/origin/propeller.go:172.2,173.19 2 13
github.com/cbsinteractive/bakery/origin/propeller.go:176.2,176.35 1 12
github.com/cbsinteractive/bakery/origin/propeller.go:169.16,171.3 1 3
github.com/cbsinteractive/bakery/origin/propeller.go:173.19,175.3 1 1
github.com/cbsinteractive/bakery/origin/propeller.go:179.111,180.56 1 12
github.com/cbsinteractive/bakery/origin/propeller.go:186.2,186.30 1 9
github.com/cbsinteractive/bakery/origin/propeller.go:189.2,189.30 1 7
github.com/cbsinteractive/bakery/origin/propeller.go:192.2,192.51 1 0
github.com/cbsinteractive/bakery/origin/propeller.go:180.56,181.28 1 3
github.com/cbsinteractive/bakery/origin/propeller.go:184.3,184.28 1 3
github.com/cbsinteractive/bakery/origin/propeller.go:181.28,183.4 1 0
github.com/cbsinteractive/bakery/origin/propeller.go:186.30,188.3 1 2
github.com/cbsinteractive/bakery/origin/propeller.go:189.30,191.3 1 7
github.com/cbsinteractive/bakery/origin/propeller.go:199.138,201.42 2 5
github.com/cbsinteractive/bakery/origin/propeller.go:212.2,212.16 1 0
github.com/cbsinteractive/bakery/origin/propeller.go:201.42,207.21 3 5
github.com/cbsinteractive/bakery/origin/propeller.go:210.3,210.22 1 2
github.com/cbsinteractive/bakery/origin/propeller.go:207.21,209.4 1 3
github.com/cbsinteractive/bakery/origin/propeller.go:223.93,225.16 2 10
github.com/cbsinteractive/bakery/origin/propeller.go:228.2,228.23 1 9
github.com/cbsinteractive/bakery/origin/propeller.go:225.16,227.3 1 1
github.com/cbsinteractive/bakery/origin/propeller.go:231.69,233.16 2 9
github.com/cbsinteractive/bakery/origin/propeller.go:236.2,237.20 2 7
github.com/cbsinteractive/bakery/origin/propeller.go:240.2,240.22 1 4
github.com/cbsinteractive/bakery/origin/propeller.go:233.16,235.3 1 2
github.com/cbsinteractive/bakery/origin/propeller.go:237.20,239.3 1 3
github.com/cbsinteractive/bakery/filters/dash.go:26.82,32.2 1 43
github.com/cbsinteractive/bakery/filters/dash.go:36.41,38.2 1 1
github.com/cbsinteractive/bakery/filters/dash.go:41.102,43.16 2 42
github.com/cbsinteractive/bakery/filters/dash.go:47.2,48.16 2 42
github.com/cbsinteractive/bakery/filters/dash.go:52.2,52.43 1 42
github.com/cbsinteractive/bakery/filters/dash.go:62.2,62.28 1 42
github.com/cbsinteractive/bakery/filters/dash.go:68.2,68.47 1 42
github.com/cbsinteractive/bakery/filters/dash.go:72.2,72.41 1 42
github.com/cbsinteractive/bakery/filters/dash.go:78.2,78.33 1 42
github.com/cbsinteractive/bakery/filters/dash.go:43.16,45.3 1 0
github.com/cbsinteractive/bakery/filters/dash.go:48.16,50.3 1 0
github.com/cbsinteractive/bakery/filters/dash.go:52.43,60.3 7 2
github.com/cbsinteractive/bakery/filters/dash.go:62.28,64.3 1 1
github.com/cbsinteractive/bakery/filters/dash.go:64.8,64.57 1 41
github.com/cbsinteractive/bakery/filters/dash.go:64.57,66.3 1 1
github.com/cbsinteractive/bakery/filters/dash.go:68.47,70.3 1 29
github.com/cbsinteractive/bakery/filters/dash.go:72.41,73.41 1 2
github.com/cbsinteractive/bakery/filters/dash.go:73.41,75.4 1 2
github.com/cbsinteractive/bakery/filters/dash.go:81.77,83.66 2 42
github.com/cbsinteractive/bakery/filters/dash.go:87.2,87.68 1 42
github.com/cbsinteractive/bakery/filters/dash.go:91.2,91.34 1 42
github.com/cbsinteractive/bakery/filters/dash.go:95.2,95.34 1 42
github.com/cbsinteractive/bakery/filters/dash.go:99.2,99.36 1 42
github.com/cbsinteractive/bakery/filters/dash.go:103.2,103.30 1 42
github.com/cbsinteractive/bakery/filters/dash.go:107.2,107.72 1 42
github.com/cbsinteractive/bakery/filters/dash.go:111.2,111.19 1 42
github.com/cbsinteractive/bakery/filters/dash.go:83.66,85.3 1 3
github.com/cbsinteractive/bakery/filters/dash.go:87.68,89.3 1 8
github.com/cbsinteractive/bakery/filters/dash.go:91.34,93.3 1 6
github.com/cbsinteractive/bakery/filters/dash.go:95.34,97.3 1 3
github.com/cbsinteractive/bakery/filters/dash.go:99.36,101.3 1 3
github.com/cbsinteractive/bakery/filters/dash.go:103.30,105.3 1 3
github.com/cbsinteractive/bakery/filters/dash.go:107.72,109.3 1 3
github.com/cbsinteractive/bakery/filters/dash.go:114.89,116.50 2 6
github.com/cbsinteractive/bakery/filters/dash.go:120.2,120.68 1 6
github.com/cbsinteractive/bakery/filters/dash.go:116.50,118.3 1 13
github.com/cbsinteractive/bakery/filters/dash.go:123.89,125.50 2 3
github.com/cbsinteractive/bakery/filters/dash.go:129.2,129.68 1 3
github.com/cbsinteractive/bakery/filters/dash.go:125.50,127.3 1 4
github.com/cbsinteractive/bakery/filters/dash.go:132.91,134.54 2 3
github.com/cbsinteractive/bakery/filters/dash.go:138.2,138.72 1 3
github.com/cbsinteractive/bakery/filters/dash.go:134.54,136.3 1 4
github.com/cbsinteractive/bakery/filters/dash.go:141.106,142.42 1 12
github.com/cbsinteractive/bakery/filters/dash.go:142.42,144.44 2 12
github.com/cbsinteractive/bakery/filters/dash.go:167.3,167.45 1 12
github.com/cbsinteractive/bakery/filters/dash.go:170.3,170.49 1 12
github.com/cbsinteractive/bakery/filters/dash.go:144.44,145.66 1 39
github.com/cbsinteractive/bakery/filters/dash.go:162.4,162.36 1 39
github.com/cbsinteractive/bakery/filters/dash.go:145.66,147.42 2 24
github.com/cbsinteractive/bakery/filters/dash.go:159.5,159.38 1 24
github.com/cbsinteractive/bakery/filters/dash.go:147.42,148.25 1 90
github.com/cbsinteractive/bakery/filters/dash.go:153.6,153.62 1 90
github.com/cbsinteractive/bakery/filters/dash.go:157.6,157.44 1 40
github.com/cbsinteractive/bakery/filters/dash.go:148.25,150.15 2 0
github.com/cbsinteractive/bakery/filters/dash.go:153.62,154.15 1 50
github.com/cbsinteractive/bakery/filters/dash.go:162.36,164.5 1 29
github.com/cbsinteractive/bakery/filters/dash.go:167.45,169.4 1 29
github.com/cbsinteractive/bakery/filters/dash.go:174.100,175.42 1 3
github.com/cbsinteractive/bakery/filters/dash.go:175.42,177.44 2 3
github.com/cbsinteractive/bakery/filters/dash.go:199.3,199.45 1 3
github.com/cbsinteractive/bakery/filters/dash.go:202.3,202.49 1 3
github.com/cbsinteractive/bakery/filters/dash.go:177.44,178.29 1 21
github.com/cbsinteractive/bakery/filters/dash.go:183.4,184.40 2 21
github.com/cbsinteractive/bakery/filters/dash.go:194.4,194.37 1 18
github.com/cbsinteractive/bakery/filters/dash.go:178.29,180.13 2 0
github.com/cbsinteractive/bakery/filters/dash.go:185.26,186.36 1 9
github.com/cbsinteractive/bakery/filters/dash.go:187.28,188.38 1 9
github.com/cbsinteractive/bakery/filters/dash.go:189.12,191.13 2 3
github.com/cbsinteractive/bakery/filters/dash.go:194.37,196.5 1 9
github.com/cbsinteractive/bakery/filters/dash.go:199.45,201.4 1 12
github.com/cbsinteractive/bakery/filters/dash.go:206.103,208.50 2 3
github.com/cbsinteractive/bakery/filters/dash.go:212.2,214.42 3 3
github.com/cbsinteractive/bakery/filters/dash.go:241.2,241.36 1 3
github.com/cbsinteractive/bakery/filters/dash.go:208.50,210.3 1 4
github.com/cbsinteractive/bakery/filters/dash.go:214.42,217.44 3 9
github.com/cbsinteractive/bakery/filters/dash.go:230.3,230.39 1 9
github.com/cbsinteractive/bakery/filters/dash.go:234.3,238.52 4 5
github.com/cbsinteractive/bakery/filters/dash.go:217.44,218.29 1 39
github.com/cbsinteractive/bakery/filters/dash.go:224.4,227.63 3 13
github.com/cbsinteractive/bakery/filters/dash.go:218.29,219.77 1 39
github.com/cbsinteractive/bakery/filters/dash.go:219.77,220.14 1 26
github.com/cbsinteractive/bakery/filters/dash.go:230.39,231.12 1 4
github.com/cbsinteractive/bakery/filters/dash.go:244.88,245.42 1 3
github.com/cbsinteractive/bakery/filters/dash.go:245.42,247.44 2 3
github.com/cbsinteractive/bakery/filters/dash.go:275.3,275.45 1 3
github.com/cbsinteractive/bakery/filters/dash.go:278.3,278.49 1 3
github.com/cbsinteractive/bakery/filters/dash.go:247.44,248.27 1 9
github.com/cbsinteractive/bakery/filters/dash.go:254.4,255.41 2 7
github.com/cbsinteractive/bakery/filters/dash.go:267.4,269.36 2 7
github.com/cbsinteractive/bakery/filters/dash.go:248.27,249.51 1 3
github.com/cbsinteractive/bakery/filters/dash.go:249.51,250.14 1 2
github.com/cbsinteractive/bakery/filters/dash.go:255.41,256.27 1 14
github.com/cbsinteractive/bakery/filters/dash.go:261.5,261.50 1 12
github.com/cbsinteractive/bakery/filters/dash.go:265.5,265.43 1 3
github.com/cbsinteractive/bakery/filters/dash.go:256.27,258.14 2 2
github.com/cbsinteractive/bakery/filters/dash.go:261.50,262.14 1 9
github.com/cbsinteractive/bakery/filters/dash.go:269.36,271.5 1 3
github.com/cbsinteractive/bakery/filters/dash.go:275.45,277.4 1 3
github.com/cbsinteractive/bakery/filters/dash.go:282.88,283.42 1 8
github.com/cbsinteractive/bakery/filters/dash.go:283.42,285.44 2 8
github.com/cbsinteractive/bakery/filters/dash.go:323.3,326.48 2 8
github.com/cbsinteractive/bakery/filters/dash.go:285.44,286.29 1 16
github.com/cbsinteractive/bakery/filters/dash.go:291.4,292.40 2 16
github.com/cbsinteractive/bakery/filters/dash.go:301.4,301.22 1 16
github.com/cbsinteractive/bakery/filters/dash.go:306.4,307.41 2 14
github.com/cbsinteractive/bakery/filters/dash.go:317.4,318.36 2 14
github.com/cbsinteractive/bakery/filters/dash.go:286.29,287.13 1 0
github.com/cbsinteractive/bakery/filters/dash.go:293.26,294.37 1 8
github.com/cbsinteractive/bakery/filters/dash.go:295.26,296.37 1 8
github.com/cbsinteractive/bakery/filters/dash.go:301.22,303.13 2 2
github.com/cbsinteractive/bakery/filters/dash.go:307.41,308.27 1 28
github.com/cbsinteractive/bakery/filters/dash.go:312.5,312.61 1 28
github.com/cbsinteractive/bakery/filters/dash.go:308.27,309.14 1 0
github.com/cbsinteractive/bakery/filters/dash.go:312.61,314.6 1 18
github.com/cbsinteractive/bakery/filters/dash.go:318.36,320.5 1 12
github.com/cbsinteractive/bakery/filters/dash.go:326.48,328.4 1 14
github.com/cbsinteractive/bakery/filters/dash.go:332.47,333.29 1 18
github.com/cbsinteractive/bakery/filters/dash.go:339.2,339.14 1 9
github.com/cbsinteractive/bakery/filters/dash.go:333.29,334.24 1 22
github.com/cbsinteractive/bakery/filters/dash.go:334.24,336.4 1 9
github.com/cbsinteractive/bakery/filters/dash.go:342.89,345.30 1 90
github.com/cbsinteractive/bakery/filters/dash.go:350.2,350.35 1 84
github.com/cbsinteractive/bakery/filters/dash.go:356.2,356.14 1 38
github.com/cbsinteractive/bakery/filters/dash.go:345.30,348.3 2 6
github.com/cbsinteractive/bakery/filters/dash.go:350.35,351.45 1 134
github.com/cbsinteractive/bakery/filters/dash.go:351.45,353.4 1 46
github.com/cbsinteractive/bakery/filters/dash.go:359.53,360.32 1 15
github.com/cbsinteractive/bakery/filters/dash.go:366.2,366.14 1 4
github.com/cbsinteractive/bakery/filters/dash.go:360.32,361.24 1 26
github.com/cbsinteractive/bakery/filters/dash.go:361.24,363.4 1 11
github.com/cbsinteractive/bakery/filters/dash.go:369.31,371.2 1 72
github.com/cbsinteractive/bakery/filters/filter.go:41.59,43.2 1 2192
github.com/cbsinteractive/bakery/filters/filter.go:46.38,50.2 1 331
github.com/cbsinteractive/bakery/filters/filter.go:53.38,57.2 1 275
github.com/cbsinteractive/bakery/filters/filter.go:60.40,63.2 1 69
github.com/cbsinteractive/bakery/filters/filter.go:65.50,67.2 1 279
github.com/cbsinteractive/bakery/filters/hls.go:46.80,52.2 1 81
github.com/cbsinteractive/bakery/filters/hls.go:55.40,57.2 1 10
github.com/cbsinteractive/bakery/filters/hls.go:61.103,63.16 2 81
github.com/cbsinteractive/bakery/filters/hls.go:67.2,67.33 1 81
github.com/cbsinteractive/bakery/filters/hls.go:75.2,81.39 5 68
github.com/cbsinteractive/bakery/filters/hls.go:93.2,94.38 2 66
github.com/cbsinteractive/bakery/filters/hls.go:137.2,137.39 1 63
github.com/cbsinteractive/bakery/filters/hls.go:63.16,65.3 1 0
github.com/cbsinteractive/bakery/filters/hls.go:67.33,68.26 1 13
github.com/cbsinteractive/bakery/filters/hls.go:71.3,71.34 1 2
github.com/cbsinteractive/bakery/filters/hls.go:68.26,70.4 1 11
github.com/cbsinteractive/bakery/filters/hls.go:81.39,83.17 2 6
github.com/cbsinteractive/bakery/filters/hls.go:87.3,87.15 1 4
github.com/cbsinteractive/bakery/filters/hls.go:83.17,85.4 1 2
github.com/cbsinteractive/bakery/filters/hls.go:94.38,95.36 1 452
github.com/cbsinteractive/bakery/filters/hls.go:99.3,99.43 1 440
github.com/cbsinteractive/bakery/filters/hls.go:103.3,104.18 2 437
github.com/cbsinteractive/bakery/filters/hls.go:108.3,109.17 2 436
github.com/cbsinteractive/bakery/filters/hls.go:113.3,114.17 2 434
github.com/cbsinteractive/bakery/filters/hls.go:118.3,118.22 1 434
github.com/cbsinteractive/bakery/filters/hls.go:122.3,123.26 2 305
github.com/cbsinteractive/bakery/filters/hls.go:134.3,134.93 1 305
github.com/cbsinteractive/bakery/filters/hls.go:95.36,96.12 1 12
github.com/cbsinteractive/bakery/filters/hls.go:99.43,100.12 1 3
github.com/cbsinteractive/bakery/filters/hls.go:104.18,106.4 1 1
github.com/cbsinteractive/bakery/filters/hls.go:109.17,111.4 1 2
github.com/cbsinteractive/bakery/filters/hls.go:114.17,116.4 1 0
github.com/cbsinteractive/bakery/filters/hls.go:118.22,119.12 1 129
github.com/cbsinteractive/bakery/filters/hls.go:123.26,125.18 2 41
github.com/cbsinteractive/bakery/filters/hls.go:128.4,129.18 2 41
github.com/cbsinteractive/bakery/filters/hls.go:125.18,127.5 1 0
github.com/cbsinteractive/bakery/filters/hls.go:129.18,131.5 1 0
github.com/cbsinteractive/bakery/filters/hls.go:140.91,142.16 2 6
github.com/cbsinteractive/bakery/filters/hls.go:146.2,147.16 2 6
github.com/cbsinteractive/bakery/filters/hls.go:151.2,152.16 2 6
github.com/cbsinteractive/bakery/filters/hls.go:156.2,156.13 1 4
github.com/cbsinteractive/bakery/filters/hls.go:160.2,160.28 1 3
github.com/cbsinteractive/bakery/filters/hls.go:142.16,144.3 1 0
github.com/cbsinteractive/bakery/filters/hls.go:147.16,149.3 1 0
github.com/cbsinteractive/bakery/filters/hls.go:152.16,154.3 1 2
github.com/cbsinteractive/bakery/filters/hls.go:156.13,158.3 1 1
github.com/cbsinteractive/bakery/filters/hls.go:164.97,167.68 2 434
github.com/cbsinteractive/bakery/filters/hls.go:173.2,173.34 1 423
github.com/cbsinteractive/bakery/filters/hls.go:184.2,184.34 1 381
github.com/cbsinteractive/bakery/filters/hls.go:195.2,195.36 1 326
github.com/cbsinteractive/bakery/filters/hls.go:206.2,206.30 1 315
github.com/cbsinteractive/bakery/filters/hls.go:214.2,214.72 1 305
github.com/cbsinteractive/bakery/filters/hls.go:218.2,218.19 1 305
github.com/cbsinteractive/bakery/filters/hls.go:167.68,168.87 1 62
github.com/cbsinteractive/bakery/filters/hls.go:168.87,170.4 1 11
github.com/cbsinteractive/bakery/filters/hls.go:173.34,175.44 2 126
github.com/cbsinteractive/bakery/filters/hls.go:178.3,179.10 2 126
github.com/cbsinteractive/bakery/filters/hls.go:175.44,177.4 1 234
github.com/cbsinteractive/bakery/filters/hls.go:179.10,181.4 1 42
github.com/cbsinteractive/bakery/filters/hls.go:184.34,186.44 2 128
github.com/cbsinteractive/bakery/filters/hls.go:189.3,190.10 2 128
github.com/cbsinteractive/bakery/filters/hls.go:186.44,188.4 1 248
github.com/cbsinteractive/bakery/filters/hls.go:190.10,192.4 1 55
github.com/cbsinteractive/bakery/filters/hls.go:195.36,197.46 2 45
github.com/cbsinteractive/bakery/filters/hls.go:200.3,201.10 2 45
github.com/cbsinteractive/bakery/filters/hls.go:197.46,199.4 1 54
github.com/cbsinteractive/bakery/filters/hls.go:201.10,203.4 1 11
github.com/cbsinteractive/bakery/filters/hls.go:206.30,207.61 1 15
github.com/cbsinteractive/bakery/filters/hls.go:207.61,209.4 1 10
github.com/cbsinteractive/bakery/filters/hls.go:214.72,216.3 1 21
github.com/cbsinteractive/bakery/filters/hls.go:222.111,223.38 1 62
github.com/cbsinteractive/bakery/filters/hls.go:250.2,250.14 1 51
github.com/cbsinteractive/bakery/filters/hls.go:223.38,226.10 2 103
github.com/cbsinteractive/bakery/filters/hls.go:245.3,245.28 1 90
github.com/cbsinteractive/bakery/filters/hls.go:227.28,228.37 1 52
github.com/cbsinteractive/bakery/filters/hls.go:232.4,233.36 2 52
github.com/cbsinteractive/bakery/filters/hls.go:234.28,235.37 1 41
github.com/cbsinteractive/bakery/filters/hls.go:239.4,240.36 2 38
github.com/cbsinteractive/bakery/filters/hls.go:241.11,242.12 1 10
github.com/cbsinteractive/bakery/filters/hls.go:228.37,229.13 1 0
github.com/cbsinteractive/bakery/filters/hls.go:235.37,236.13 1 3
github.com/cbsinteractive/bakery/filters/hls.go:245.28,247.4 1 11
github.com/cbsinteractive/bakery/filters/hls.go:254.181,259.12 3 299
github.com/cbsinteractive/bakery/filters/hls.go:263.2,264.38 2 299
github.com/cbsinteractive/bakery/filters/hls.go:275.2,275.26 1 299
github.com/cbsinteractive/bakery/filters/hls.go:259.12,261.3 1 0
github.com/cbsinteractive/bakery/filters/hls.go:264.38,265.29 1 521
github.com/cbsinteractive/bakery/filters/hls.go:265.29,266.36 1 236
github.com/cbsinteractive/bakery/filters/hls.go:266.36,267.46 1 353
github.com/cbsinteractive/bakery/filters/hls.go:267.46,269.11 2 122
github.com/cbsinteractive/bakery/filters/hls.go:278.73,281.32 2 15
github.com/cbsinteractive/bakery/filters/hls.go:287.2,287.14 1 5
github.com/cbsinteractive/bakery/filters/hls.go:281.32,282.27 1 24
github.com/cbsinteractive/bakery/filters/hls.go:282.27,284.4 1 10
github.com/cbsinteractive/bakery/filters/hls.go:291.91,292.27 1 21
github.com/cbsinteractive/bakery/filters/hls.go:296.2,296.60 1 21
github.com/cbsinteractive/bakery/filters/hls.go:310.2,312.37 3 21
github.com/cbsinteractive/bakery/filters/hls.go:330.2,331.43 2 21
github.com/cbsinteractive/bakery/filters/hls.go:334.2,334.45 1 21
github.com/cbsinteractive/bakery/filters/hls.go:337.2,337.52 1 21
github.com/cbsinteractive/bakery/filters/hls.go:292.27,294.3 1 0
github.com/cbsinteractive/bakery/filters/hls.go:296.60,297.19 1 98
github.com/cbsinteractive/bakery/filters/hls.go:301.3,301.30 1 91
github.com/cbsinteractive/bakery/filters/hls.go:307.3,307.15 1 21
github.com/cbsinteractive/bakery/filters/hls.go:297.19,299.4 1 7
github.com/cbsinteractive/bakery/filters/hls.go:301.30,302.53 1 203
github.com/cbsinteractive/bakery/filters/hls.go:302.53,304.5 1 70
github.com/cbsinteractive/bakery/filters/hls.go:312.37,314.19 2 98
github.com/cbsinteractive/bakery/filters/hls.go:323.3,323.14 1 98
github.com/cbsinteractive/bakery/filters/hls.go:315.16,316.48 1 70
github.com/cbsinteractive/bakery/filters/hls.go:317.20,318.50 1 21
github.com/cbsinteractive/bakery/filters/hls.go:319.26,320.50 1 7
github.com/cbsinteractive/bakery/filters/hls.go:323.14,326.4 2 28
github.com/cbsinteractive/bakery/filters/hls.go:331.43,333.3 1 7
github.com/cbsinteractive/bakery/filters/hls.go:334.45,336.3 1 14
github.com/cbsinteractive/bakery/filters/hls.go:337.52,339.3 1 21
github.com/cbsinteractive/bakery/filters/hls.go:342.96,343.49 1 436
github.com/cbsinteractive/bakery/filters/hls.go:351.2,352.17 2 435
github.com/cbsinteractive/bakery/filters/hls.go:355.2,356.15 2 434
github.com/cbsinteractive/bakery/filters/hls.go:343.49,345.18 2 231
github.com/cbsinteractive/bakery/filters/hls.go:348.3,348.15 1 230
github.com/cbsinteractive/bakery/filters/hls.go:345.18,347.4 1 1
github.com/cbsinteractive/bakery/filters/hls.go:352.17,354.3 1 1
github.com/cbsinteractive/bakery/filters/hls.go:359.104,364.16 5 42
github.com/cbsinteractive/bakery/filters/hls.go:368.2,368.9 1 42
github.com/cbsinteractive/bakery/filters/hls.go:377.2,377.103 1 22
github.com/cbsinteractive/bakery/filters/hls.go:364.16,366.3 1 0
github.com/cbsinteractive/bakery/filters/hls.go:369.55,370.125 1 5
github.com/cbsinteractive/bakery/filters/hls.go:371.30,372.115 1 5
github.com/cbsinteractive/bakery/filters/hls.go:373.29,374.114 1 10
github.com/cbsinteractive/bakery/filters/hls.go:380.71,381.19 1 739
github.com/cbsinteractive/bakery/filters/hls.go:384.2,385.16 2 658
github.com/cbsinteractive/bakery/filters/hls.go:388.2,388.14 1 656
github.com/cbsinteractive/bakery/filters/hls.go:395.2,395.17 1 583
github.com/cbsinteractive/bakery/filters/hls.go:381.19,383.3 1 81
github.com/cbsinteractive/bakery/filters/hls.go:385.16,387.3 1 2
github.com/cbsinteractive/bakery/filters/hls.go:388.14,390.17 2 73
github.com/cbsinteractive/bakery/filters/hls.go:393.3,393.32 1 73
github.com/cbsinteractive/bakery/filters/hls.go:390.17,392.4 1 0
github.com/cbsinteractive/bakery/filters/hls.go:398.46,400.14 2 658
github.com/cbsinteractive/bakery/filters/hls.go:403.2,403.24 1 656
github.com/cbsinteractive/bakery/filters/hls.go:400.14,402.3 1 2
github.com/cbsinteractive/bakery/filters/hls.go:408.113,410.16 2 11
github.com/cbsinteractive/bakery/filters/hls.go:415.2,423.37 5 11
github.com/cbsinteractive/bakery/filters/hls.go:458.2,461.52 3 11
github.com/cbsinteractive/bakery/filters/hls.go:410.16,412.3 1 0
github.com/cbsinteractive/bakery/filters/hls.go:423.37,424.21 1 11264
github.com/cbsinteractive/bakery/filters/hls.go:428.3,428.51 1 116
github.com/cbsinteractive/bakery/filters/hls.go:432.3,432.57 1 116
github.com/cbsinteractive/bakery/filters/hls.go:440.3,441.74 2 107
github.com/cbsinteractive/bakery/filters/hls.go:447.3,447.13 1 107
github.com/cbsinteractive/bakery/filters/hls.go:453.3,453.43 1 107
github.com/cbsinteractive/bakery/filters/hls.go:424.21,425.12 1 11148
github.com/cbsinteractive/bakery/filters/hls.go:428.51,430.4 1 28
github.com/cbsinteractive/bakery/filters/hls.go:432.57,433.80 1 9
github.com/cbsinteractive/bakery/filters/hls.go:436.4,436.12 1 9
github.com/cbsinteractive/bakery/filters/hls.go:433.80,435.5 1 0
github.com/cbsinteractive/bakery/filters/hls.go:441.74,445.4 2 54
github.com/cbsinteractive/bakery/filters/hls.go:447.13,448.80 1 58
github.com/cbsinteractive/bakery/filters/hls.go:448.80,450.5 1 0
github.com/cbsinteractive/bakery/filters/hls.go:453.43,455.4 1 10
github.com/cbsinteractive/bakery/filters/hls.go:464.40,474.24 3 13
github.com/cbsinteractive/bakery/filters/hls.go:478.2,478.15 1 13
github.com/cbsinteractive/bakery/filters/hls.go:474.24,476.3 1 1
github.com/cbsinteractive/bakery/filters/hls.go:483.88,485.16 2 67
github.com/cbsinteractive/bakery/filters/hls.go:489.2,490.16 2 67
github.com/cbsinteractive/bakery/filters/hls.go:494.2,495.16 2 67
github.com/cbsinteractive/bakery/filters/hls.go:499.2,499.12 1 67
github.com/cbsinteractive/bakery/filters/hls.go:485.16,487.3 1 0
github.com/cbsinteractive/bakery/filters/hls.go:490.16,492.3 1 0
github.com/cbsinteractive/bakery/filters/hls.go:495.16,497.3 1 0
github.com/cbsinteractive/bakery/filters/hls.go:503.52,506.2 2 510
github.com/cbsinteractive/bakery/filters/hls.go:510.175,511.37 1 41
github.com/cbsinteractive/bakery/filters/hls.go:524.2,524.33 1 41
github.com/cbsinteractive/bakery/filters/hls.go:511.37,512.58 1 7
github.com/cbsinteractive/bakery/filters/hls.go:515.3,515.30 1 1
github.com/cbsinteractive/bakery/filters/hls.go:512.58,513.12 1 6
github.com/cbsinteractive/bakery/filters/hls.go:515.30,517.18 2 1
github.com/cbsinteractive/bakery/filters/hls.go:520.4,521.49 2 1
github.com/cbsinteractive/bakery/filters/hls.go:517.18,519.5 1 0
github.com/cbsinteractive/bakery/filters/hls.go:527.40,529.2 1 24
github.com/cbsinteractive/bakery/filters/hls.go:531.61,532.62 1 452
github.com/cbsinteractive/bakery/filters/hls.go:536.2,536.60 1 449
github.com/cbsinteractive/bakery/filters/hls.go:540.2,540.13 1 440
github.com/cbsinteractive/bakery/filters/hls.go:532.62,534.3 1 3
github.com/cbsinteractive/bakery/filters/hls.go:536.60,538.3 1 9
github.com/cbsinteractive/bakery/filters/hls.go:544.101,546.16 2 6
github.com/cbsinteractive/bakery/filters/hls.go:550.2,551.16 2 6
github.com/cbsinteractive/bakery/filters/hls.go:555.2,555.43 1 5
github.com/cbsinteractive/bakery/filters/hls.go:563.2,563.40 1 3
github.com/cbsinteractive/bakery/filters/hls.go:567.2,567.75 1 2
github.com/cbsinteractive/bakery/filters/hls.go:546.16,548.3 1 0
github.com/cbsinteractive/bakery/filters/hls.go:551.16,553.3 1 1
github.com/cbsinteractive/bakery/filters/hls.go:555.43,556.16 1 2
github.com/cbsinteractive/bakery/filters/hls.go:560.3,560.80 1 1
github.com/cbsinteractive/bakery/filters/hls.go:556.16,558.4 1 1
github.com/cbsinteractive/bakery/filters/hls.go:563.40,565.3 1 1
github.com/cbsinteractive/bakery/filters/hls.go:570.78,572.16 2 2
github.com/cbsinteractive/bakery/filters/hls.go:576.2,581.34 4 2
github.com/cbsinteractive/bakery/filters/hls.go:572.16,574.3 1 0
github.com/cbsinteractive/bakery/filters/plugins.go:13.41,14.42 1 2
github.com/cbsinteractive/bakery/filters/plugins.go:14.42,15.44 1 2
github.com/cbsinteractive/bakery/filters/plugins.go:15.44,16.49 1 2
github.com/cbsinteractive/bakery/filters/plugins.go:16.49,17.90 1 1
github.com/cbsinteractive/bakery/filters/plugins.go:17.90,19.6 1 1
github.com/cbsinteractive/bakery/filters/vtt.go:21.80,27.2 1 1
github.com/cbsinteractive/bakery/filters/vtt.go:31.103,33.2 1 1
github.com/cbsinteractive/bakery/filters/vtt.go:37.40,39.2 1 0
