mode: atomic
github.com/cbsinteractive/bakery/parsers/util.go:8.55,12.20 4 43
github.com/cbsinteractive/bakery/parsers/util.go:15.2,15.30 1 4
github.com/cbsinteractive/bakery/parsers/util.go:20.2,20.43 1 4
github.com/cbsinteractive/bakery/parsers/util.go:12.20,14.3 1 39
github.com/cbsinteractive/bakery/parsers/util.go:15.30,19.3 3 4
github.com/cbsinteractive/bakery/parsers/util.go:25.48,29.10 1 15
github.com/cbsinteractive/bakery/parsers/util.go:33.2,33.13 1 13
github.com/cbsinteractive/bakery/parsers/util.go:29.10,31.3 1 2
github.com/cbsinteractive/bakery/parsers/urlparser.go:88.67,90.2 1 10
github.com/cbsinteractive/bakery/parsers/urlparser.go:96.62,102.40 5 41
github.com/cbsinteractive/bakery/parsers/urlparser.go:110.2,110.29 1 33
github.com/cbsinteractive/bakery/parsers/urlparser.go:191.2,193.36 2 31
github.com/cbsinteractive/bakery/parsers/urlparser.go:102.40,104.3 1 31
github.com/cbsinteractive/bakery/parsers/urlparser.go:104.8,104.46 1 10
github.com/cbsinteractive/bakery/parsers/urlparser.go:104.46,106.3 1 2
github.com/cbsinteractive/bakery/parsers/urlparser.go:106.8,108.3 1 8
github.com/cbsinteractive/bakery/parsers/urlparser.go:110.29,116.25 2 146
github.com/cbsinteractive/bakery/parsers/urlparser.go:124.3,128.34 4 43
github.com/cbsinteractive/bakery/parsers/urlparser.go:116.25,117.29 1 103
github.com/cbsinteractive/bakery/parsers/urlparser.go:120.4,121.12 2 101
github.com/cbsinteractive/bakery/parsers/urlparser.go:117.29,118.13 1 2
github.com/cbsinteractive/bakery/parsers/urlparser.go:129.12,130.37 1 13
github.com/cbsinteractive/bakery/parsers/urlparser.go:135.12,136.37 1 9
github.com/cbsinteractive/bakery/parsers/urlparser.go:141.12,142.37 1 2
github.com/cbsinteractive/bakery/parsers/urlparser.go:147.13,148.40 1 3
github.com/cbsinteractive/bakery/parsers/urlparser.go:155.12,156.33 1 1
github.com/cbsinteractive/bakery/parsers/urlparser.go:160.12,162.18 2 4
github.com/cbsinteractive/bakery/parsers/urlparser.go:166.4,169.5 1 4
github.com/cbsinteractive/bakery/parsers/urlparser.go:170.12,172.18 2 3
github.com/cbsinteractive/bakery/parsers/urlparser.go:176.4,179.5 1 1
github.com/cbsinteractive/bakery/parsers/urlparser.go:180.15,182.26 2 5
github.com/cbsinteractive/bakery/parsers/urlparser.go:183.14,184.38 1 3
github.com/cbsinteractive/bakery/parsers/urlparser.go:130.37,131.47 1 14
github.com/cbsinteractive/bakery/parsers/urlparser.go:131.47,133.6 1 0
github.com/cbsinteractive/bakery/parsers/urlparser.go:136.37,137.47 1 12
github.com/cbsinteractive/bakery/parsers/urlparser.go:137.47,139.6 1 0
github.com/cbsinteractive/bakery/parsers/urlparser.go:142.37,143.49 1 2
github.com/cbsinteractive/bakery/parsers/urlparser.go:143.49,145.6 1 0
github.com/cbsinteractive/bakery/parsers/urlparser.go:148.40,149.58 1 5
github.com/cbsinteractive/bakery/parsers/urlparser.go:153.5,153.59 1 5
github.com/cbsinteractive/bakery/parsers/urlparser.go:149.58,152.6 2 0
github.com/cbsinteractive/bakery/parsers/urlparser.go:156.33,159.5 2 1
github.com/cbsinteractive/bakery/parsers/urlparser.go:162.18,164.5 1 0
github.com/cbsinteractive/bakery/parsers/urlparser.go:172.18,174.5 1 2
github.com/cbsinteractive/bakery/parsers/urlparser.go:184.38,187.5 2 5
github.com/cbsinteractive/bakery/parsers/urlparser.go:196.56,200.24 3 103
github.com/cbsinteractive/bakery/parsers/urlparser.go:207.2,207.14 1 101
github.com/cbsinteractive/bakery/parsers/urlparser.go:200.24,201.58 1 2
github.com/cbsinteractive/bakery/parsers/urlparser.go:204.3,204.14 1 2
github.com/cbsinteractive/bakery/parsers/urlparser.go:201.58,203.4 1 4
github.com/cbsinteractive/bakery/parsers/urlparser.go:210.59,216.33 4 28
github.com/cbsinteractive/bakery/parsers/urlparser.go:226.2,227.24 2 28
github.com/cbsinteractive/bakery/parsers/urlparser.go:231.2,233.32 3 6
github.com/cbsinteractive/bakery/parsers/urlparser.go:243.2,243.22 1 6
github.com/cbsinteractive/bakery/parsers/urlparser.go:250.2,250.12 1 6
github.com/cbsinteractive/bakery/parsers/urlparser.go:216.33,219.3 2 13
github.com/cbsinteractive/bakery/parsers/urlparser.go:219.8,222.3 2 15
github.com/cbsinteractive/bakery/parsers/urlparser.go:227.24,229.3 1 22
github.com/cbsinteractive/bakery/parsers/urlparser.go:233.32,234.27 1 14
github.com/cbsinteractive/bakery/parsers/urlparser.go:234.27,237.4 2 6
github.com/cbsinteractive/bakery/parsers/urlparser.go:237.9,240.4 2 8
github.com/cbsinteractive/bakery/parsers/urlparser.go:243.22,245.17 2 14
github.com/cbsinteractive/bakery/parsers/urlparser.go:245.17,247.4 1 0
github.com/cbsinteractive/bakery/parsers/urlparser.go:254.71,255.13 1 36
github.com/cbsinteractive/bakery/parsers/urlparser.go:285.2,285.12 1 36
github.com/cbsinteractive/bakery/parsers/urlparser.go:256.12,257.28 1 23
github.com/cbsinteractive/bakery/parsers/urlparser.go:270.11,271.28 1 5
github.com/cbsinteractive/bakery/parsers/urlparser.go:274.11,276.17 2 8
github.com/cbsinteractive/bakery/parsers/urlparser.go:279.3,282.4 1 8
github.com/cbsinteractive/bakery/parsers/urlparser.go:257.28,258.13 1 29
github.com/cbsinteractive/bakery/parsers/urlparser.go:259.17,260.54 1 7
github.com/cbsinteractive/bakery/parsers/urlparser.go:261.19,262.73 1 0
github.com/cbsinteractive/bakery/parsers/urlparser.go:263.12,264.46 1 22
github.com/cbsinteractive/bakery/parsers/urlparser.go:267.5,267.37 1 22
github.com/cbsinteractive/bakery/parsers/urlparser.go:264.46,266.6 1 0
github.com/cbsinteractive/bakery/parsers/urlparser.go:271.28,273.4 1 7
github.com/cbsinteractive/bakery/parsers/urlparser.go:276.17,278.4 1 0
github.com/cbsinteractive/bakery/parsers/urlparser.go:290.50,291.23 1 31
github.com/cbsinteractive/bakery/parsers/urlparser.go:295.2,295.30 1 4
github.com/cbsinteractive/bakery/parsers/urlparser.go:299.2,299.30 1 4
github.com/cbsinteractive/bakery/parsers/urlparser.go:303.2,303.18 1 4
github.com/cbsinteractive/bakery/parsers/urlparser.go:291.23,293.3 1 27
github.com/cbsinteractive/bakery/parsers/urlparser.go:295.30,297.3 1 2
github.com/cbsinteractive/bakery/parsers/urlparser.go:299.30,301.3 1 3
github.com/cbsinteractive/bakery/parsers/urlparser.go:307.71,311.21 3 15
github.com/cbsinteractive/bakery/parsers/urlparser.go:320.2,320.40 1 15
github.com/cbsinteractive/bakery/parsers/urlparser.go:329.2,329.39 1 15
github.com/cbsinteractive/bakery/parsers/urlparser.go:333.2,333.18 1 13
github.com/cbsinteractive/bakery/parsers/urlparser.go:311.21,313.17 2 13
github.com/cbsinteractive/bakery/parsers/urlparser.go:313.17,315.4 1 0
github.com/cbsinteractive/bakery/parsers/urlparser.go:316.8,318.3 1 2
github.com/cbsinteractive/bakery/parsers/urlparser.go:320.40,322.17 2 13
github.com/cbsinteractive/bakery/parsers/urlparser.go:322.17,324.4 1 0
github.com/cbsinteractive/bakery/parsers/urlparser.go:325.8,327.3 1 2
github.com/cbsinteractive/bakery/parsers/urlparser.go:329.39,331.3 1 2
github.com/cbsinteractive/bakery/parsers/urlparser.go:336.39,337.29 1 5
github.com/cbsinteractive/bakery/parsers/urlparser.go:337.29,338.14 1 6
github.com/cbsinteractive/bakery/parsers/urlparser.go:339.14,340.16 1 2
github.com/cbsinteractive/bakery/parsers/urlparser.go:341.18,342.19 1 2
github.com/cbsinteractive/bakery/parsers/urlparser.go:343.17,344.19 1 2
github.com/cbsinteractive/bakery/parsers/urlparser.go:350.44,351.20 1 0
github.com/cbsinteractive/bakery/parsers/urlparser.go:355.2,355.20 1 0
github.com/cbsinteractive/bakery/parsers/urlparser.go:351.20,353.3 1 0
github.com/cbsinteractive/bakery/parsers/urlparser.go:359.47,360.20 1 0
github.com/cbsinteractive/bakery/parsers/urlparser.go:364.2,364.23 1 0
github.com/cbsinteractive/bakery/parsers/urlparser.go:360.20,362.3 1 0
github.com/cbsinteractive/bakery/origin/origin.go:30.62,31.41 1 0
github.com/cbsinteractive/bakery/origin/origin.go:36.2,37.21 2 0
github.com/cbsinteractive/bakery/origin/origin.go:51.2,51.40 1 0
github.com/cbsinteractive/bakery/origin/origin.go:31.41,33.3 1 0
github.com/cbsinteractive/bakery/origin/origin.go:37.21,39.17 2 0
github.com/cbsinteractive/bakery/origin/origin.go:48.3,48.20 1 0
github.com/cbsinteractive/bakery/origin/origin.go:39.17,47.4 4 0
github.com/cbsinteractive/bakery/origin/origin.go:55.62,57.16 2 0
github.com/cbsinteractive/bakery/origin/origin.go:61.2,64.8 1 0
github.com/cbsinteractive/bakery/origin/origin.go:57.16,59.3 1 0
github.com/cbsinteractive/bakery/origin/origin.go:68.44,69.19 1 0
github.com/cbsinteractive/bakery/origin/origin.go:73.2,73.34 1 0
github.com/cbsinteractive/bakery/origin/origin.go:69.19,71.3 1 0
github.com/cbsinteractive/bakery/origin/origin.go:77.67,79.2 1 0
github.com/cbsinteractive/bakery/origin/origin.go:81.70,83.16 2 0
github.com/cbsinteractive/bakery/origin/origin.go:87.2,91.16 4 0
github.com/cbsinteractive/bakery/origin/origin.go:94.2,97.16 3 0
github.com/cbsinteractive/bakery/origin/origin.go:101.2,101.39 1 0
github.com/cbsinteractive/bakery/origin/origin.go:105.2,105.30 1 0
github.com/cbsinteractive/bakery/origin/origin.go:83.16,85.3 1 0
github.com/cbsinteractive/bakery/origin/origin.go:91.16,93.3 1 0
github.com/cbsinteractive/bakery/origin/origin.go:97.16,99.3 1 0
github.com/cbsinteractive/bakery/origin/origin.go:101.39,103.3 1 0
github.com/cbsinteractive/bakery/origin/origin.go:108.55,111.16 3 0
github.com/cbsinteractive/bakery/origin/origin.go:115.2,115.25 1 0
github.com/cbsinteractive/bakery/origin/origin.go:111.16,113.3 1 0
github.com/cbsinteractive/bakery/origin/propeller.go:21.71,29.20 2 0
github.com/cbsinteractive/bakery/origin/propeller.go:39.2,41.40 2 0
github.com/cbsinteractive/bakery/origin/propeller.go:45.2,45.76 1 0
github.com/cbsinteractive/bakery/origin/propeller.go:29.20,37.3 4 0
github.com/cbsinteractive/bakery/origin/propeller.go:41.40,43.3 1 0
github.com/cbsinteractive/bakery/origin/propeller.go:49.45,51.2 1 0
github.com/cbsinteractive/bakery/origin/propeller.go:54.68,56.2 1 0
github.com/cbsinteractive/bakery/origin/propeller.go:59.103,63.16 3 0
github.com/cbsinteractive/bakery/origin/propeller.go:74.2,76.8 1 0
github.com/cbsinteractive/bakery/origin/propeller.go:63.16,72.3 4 0
github.com/cbsinteractive/bakery/origin/propeller.go:79.103,81.16 2 0
github.com/cbsinteractive/bakery/origin/propeller.go:90.2,90.31 1 0
github.com/cbsinteractive/bakery/origin/propeller.go:81.16,83.43 2 0
github.com/cbsinteractive/bakery/origin/propeller.go:87.3,87.53 1 0
github.com/cbsinteractive/bakery/origin/propeller.go:83.43,85.4 1 0
github.com/cbsinteractive/bakery/origin/propeller.go:93.63,94.17 1 6
github.com/cbsinteractive/bakery/origin/propeller.go:98.2,98.22 1 4
github.com/cbsinteractive/bakery/origin/propeller.go:102.2,103.16 2 2
github.com/cbsinteractive/bakery/origin/propeller.go:107.2,108.20 2 1
github.com/cbsinteractive/bakery/origin/propeller.go:112.2,112.22 1 1
github.com/cbsinteractive/bakery/origin/propeller.go:94.17,96.3 1 2
github.com/cbsinteractive/bakery/origin/propeller.go:98.22,100.3 1 2
github.com/cbsinteractive/bakery/origin/propeller.go:103.16,105.3 1 1
github.com/cbsinteractive/bakery/origin/propeller.go:108.20,110.3 1 0
github.com/cbsinteractive/bakery/origin/propeller.go:115.97,117.16 2 0
github.com/cbsinteractive/bakery/origin/propeller.go:121.2,121.25 1 0
github.com/cbsinteractive/bakery/origin/propeller.go:117.16,119.3 1 0
github.com/cbsinteractive/bakery/origin/propeller.go:124.54,126.16 2 3
github.com/cbsinteractive/bakery/origin/propeller.go:130.2,131.20 2 1
github.com/cbsinteractive/bakery/origin/propeller.go:136.2,136.22 1 1
github.com/cbsinteractive/bakery/origin/propeller.go:126.16,128.3 1 2
github.com/cbsinteractive/bakery/origin/propeller.go:131.20,134.3 2 0
github.com/cbsinteractive/bakery/origin/propeller.go:141.33,143.2 1 0
github.com/cbsinteractive/bakery/handlers/handler.go:15.48,16.71 1 7
github.com/cbsinteractive/bakery/handlers/handler.go:16.71,27.61 5 7
github.com/cbsinteractive/bakery/handlers/handler.go:33.3,34.17 2 7
github.com/cbsinteractive/bakery/handlers/handler.go:40.3,41.17 2 5
github.com/cbsinteractive/bakery/handlers/handler.go:47.3,48.17 2 4
github.com/cbsinteractive/bakery/handlers/handler.go:55.3,56.32 2 3
github.com/cbsinteractive/bakery/handlers/handler.go:66.3,67.17 2 3
github.com/cbsinteractive/bakery/handlers/handler.go:73.3,73.61 1 0
github.com/cbsinteractive/bakery/handlers/handler.go:78.3,78.34 1 0
github.com/cbsinteractive/bakery/handlers/handler.go:27.61,30.4 2 0
github.com/cbsinteractive/bakery/handlers/handler.go:34.17,37.4 2 2
github.com/cbsinteractive/bakery/handlers/handler.go:41.17,44.4 2 1
github.com/cbsinteractive/bakery/handlers/handler.go:48.17,51.4 2 1
github.com/cbsinteractive/bakery/handlers/handler.go:57.28,59.59 2 1
github.com/cbsinteractive/bakery/handlers/handler.go:60.29,62.58 2 2
github.com/cbsinteractive/bakery/handlers/handler.go:67.17,70.4 2 3
github.com/cbsinteractive/bakery/handlers/handler.go:73.61,75.4 1 0
github.com/cbsinteractive/bakery/handlers/error.go:17.99,29.14 6 7
github.com/cbsinteractive/bakery/handlers/error.go:34.2,34.36 1 7
github.com/cbsinteractive/bakery/handlers/error.go:29.14,32.3 2 0
github.com/cbsinteractive/bakery/config/client.go:25.41,30.2 2 2
github.com/cbsinteractive/bakery/config/client.go:33.46,35.2 1 0
github.com/cbsinteractive/bakery/config/config.go:23.35,26.16 3 2
github.com/cbsinteractive/bakery/config/config.go:30.2,33.54 3 2
github.com/cbsinteractive/bakery/config/config.go:26.16,28.3 1 0
github.com/cbsinteractive/bakery/config/config.go:37.49,38.28 1 4
github.com/cbsinteractive/bakery/config/config.go:42.2,42.21 1 2
github.com/cbsinteractive/bakery/config/config.go:46.2,46.14 1 1
github.com/cbsinteractive/bakery/config/config.go:38.28,40.3 1 2
github.com/cbsinteractive/bakery/config/config.go:42.21,44.3 1 1
github.com/cbsinteractive/bakery/config/config.go:50.36,51.31 1 2
github.com/cbsinteractive/bakery/config/config.go:55.2,55.14 1 1
github.com/cbsinteractive/bakery/config/config.go:51.31,53.3 1 1
github.com/cbsinteractive/bakery/config/config.go:59.44,61.16 2 4
github.com/cbsinteractive/bakery/config/config.go:65.2,69.15 4 4
github.com/cbsinteractive/bakery/config/config.go:61.16,63.3 1 1
github.com/cbsinteractive/bakery/config/propeller.go:21.77,22.35 1 2
github.com/cbsinteractive/bakery/config/propeller.go:26.2,27.16 2 1
github.com/cbsinteractive/bakery/config/propeller.go:31.2,32.16 2 1
github.com/cbsinteractive/bakery/config/propeller.go:36.2,43.12 2 1
github.com/cbsinteractive/bakery/config/propeller.go:22.35,24.3 1 1
github.com/cbsinteractive/bakery/config/propeller.go:27.16,29.3 1 0
github.com/cbsinteractive/bakery/config/propeller.go:32.16,34.3 1 0
github.com/cbsinteractive/bakery/config/propeller.go:47.56,49.2 1 0
github.com/cbsinteractive/bakery/config/tracer.go:16.61,19.18 2 2
github.com/cbsinteractive/bakery/config/tracer.go:28.2,29.16 2 2
github.com/cbsinteractive/bakery/config/tracer.go:33.2,33.15 1 2
github.com/cbsinteractive/bakery/config/tracer.go:19.18,24.3 1 0
github.com/cbsinteractive/bakery/config/tracer.go:24.8,26.3 1 2
github.com/cbsinteractive/bakery/config/tracer.go:29.16,31.3 1 0
github.com/cbsinteractive/bakery/filters/dash.go:25.86,31.2 1 43
github.com/cbsinteractive/bakery/filters/dash.go:35.41,37.2 1 1
github.com/cbsinteractive/bakery/filters/dash.go:40.84,42.16 2 42
github.com/cbsinteractive/bakery/filters/dash.go:46.2,47.16 2 42
github.com/cbsinteractive/bakery/filters/dash.go:51.2,51.43 1 42
github.com/cbsinteractive/bakery/filters/dash.go:61.2,61.28 1 42
github.com/cbsinteractive/bakery/filters/dash.go:67.2,67.47 1 42
github.com/cbsinteractive/bakery/filters/dash.go:71.2,71.41 1 42
github.com/cbsinteractive/bakery/filters/dash.go:77.2,77.33 1 42
github.com/cbsinteractive/bakery/filters/dash.go:42.16,44.3 1 0
github.com/cbsinteractive/bakery/filters/dash.go:47.16,49.3 1 0
github.com/cbsinteractive/bakery/filters/dash.go:51.43,59.3 7 2
github.com/cbsinteractive/bakery/filters/dash.go:61.28,63.3 1 1
github.com/cbsinteractive/bakery/filters/dash.go:63.8,63.57 1 41
github.com/cbsinteractive/bakery/filters/dash.go:63.57,65.3 1 1
github.com/cbsinteractive/bakery/filters/dash.go:67.47,69.3 1 29
github.com/cbsinteractive/bakery/filters/dash.go:71.41,72.41 1 2
github.com/cbsinteractive/bakery/filters/dash.go:72.41,74.4 1 2
github.com/cbsinteractive/bakery/filters/dash.go:80.77,82.66 2 42
github.com/cbsinteractive/bakery/filters/dash.go:86.2,86.68 1 42
github.com/cbsinteractive/bakery/filters/dash.go:90.2,90.34 1 42
github.com/cbsinteractive/bakery/filters/dash.go:94.2,94.34 1 42
github.com/cbsinteractive/bakery/filters/dash.go:98.2,98.36 1 42
github.com/cbsinteractive/bakery/filters/dash.go:102.2,102.30 1 42
github.com/cbsinteractive/bakery/filters/dash.go:106.2,106.72 1 42
github.com/cbsinteractive/bakery/filters/dash.go:110.2,110.19 1 42
github.com/cbsinteractive/bakery/filters/dash.go:82.66,84.3 1 3
github.com/cbsinteractive/bakery/filters/dash.go:86.68,88.3 1 8
github.com/cbsinteractive/bakery/filters/dash.go:90.34,92.3 1 6
github.com/cbsinteractive/bakery/filters/dash.go:94.34,96.3 1 3
github.com/cbsinteractive/bakery/filters/dash.go:98.36,100.3 1 3
github.com/cbsinteractive/bakery/filters/dash.go:102.30,104.3 1 3
github.com/cbsinteractive/bakery/filters/dash.go:106.72,108.3 1 3
github.com/cbsinteractive/bakery/filters/dash.go:113.89,115.50 2 6
github.com/cbsinteractive/bakery/filters/dash.go:119.2,119.68 1 6
github.com/cbsinteractive/bakery/filters/dash.go:115.50,117.3 1 13
github.com/cbsinteractive/bakery/filters/dash.go:122.89,124.50 2 3
github.com/cbsinteractive/bakery/filters/dash.go:128.2,128.68 1 3
github.com/cbsinteractive/bakery/filters/dash.go:124.50,126.3 1 4
github.com/cbsinteractive/bakery/filters/dash.go:131.91,133.54 2 3
github.com/cbsinteractive/bakery/filters/dash.go:137.2,137.72 1 3
github.com/cbsinteractive/bakery/filters/dash.go:133.54,135.3 1 4
github.com/cbsinteractive/bakery/filters/dash.go:140.106,141.42 1 12
github.com/cbsinteractive/bakery/filters/dash.go:141.42,143.44 2 12
github.com/cbsinteractive/bakery/filters/dash.go:166.3,166.45 1 12
github.com/cbsinteractive/bakery/filters/dash.go:169.3,169.49 1 12
github.com/cbsinteractive/bakery/filters/dash.go:143.44,144.66 1 39
github.com/cbsinteractive/bakery/filters/dash.go:161.4,161.36 1 39
github.com/cbsinteractive/bakery/filters/dash.go:144.66,146.42 2 24
github.com/cbsinteractive/bakery/filters/dash.go:158.5,158.38 1 24
github.com/cbsinteractive/bakery/filters/dash.go:146.42,147.25 1 90
github.com/cbsinteractive/bakery/filters/dash.go:152.6,152.62 1 90
github.com/cbsinteractive/bakery/filters/dash.go:156.6,156.44 1 40
github.com/cbsinteractive/bakery/filters/dash.go:147.25,149.15 2 0
github.com/cbsinteractive/bakery/filters/dash.go:152.62,153.15 1 50
github.com/cbsinteractive/bakery/filters/dash.go:161.36,163.5 1 29
github.com/cbsinteractive/bakery/filters/dash.go:166.45,168.4 1 29
github.com/cbsinteractive/bakery/filters/dash.go:173.100,174.42 1 3
github.com/cbsinteractive/bakery/filters/dash.go:174.42,176.44 2 3
github.com/cbsinteractive/bakery/filters/dash.go:198.3,198.45 1 3
github.com/cbsinteractive/bakery/filters/dash.go:201.3,201.49 1 3
github.com/cbsinteractive/bakery/filters/dash.go:176.44,177.29 1 21
github.com/cbsinteractive/bakery/filters/dash.go:182.4,183.40 2 21
github.com/cbsinteractive/bakery/filters/dash.go:193.4,193.37 1 18
github.com/cbsinteractive/bakery/filters/dash.go:177.29,179.13 2 0
github.com/cbsinteractive/bakery/filters/dash.go:184.26,185.36 1 9
github.com/cbsinteractive/bakery/filters/dash.go:186.28,187.38 1 9
github.com/cbsinteractive/bakery/filters/dash.go:188.12,190.13 2 3
github.com/cbsinteractive/bakery/filters/dash.go:193.37,195.5 1 9
github.com/cbsinteractive/bakery/filters/dash.go:198.45,200.4 1 12
github.com/cbsinteractive/bakery/filters/dash.go:205.103,207.50 2 3
github.com/cbsinteractive/bakery/filters/dash.go:211.2,213.42 3 3
github.com/cbsinteractive/bakery/filters/dash.go:240.2,240.36 1 3
github.com/cbsinteractive/bakery/filters/dash.go:207.50,209.3 1 4
github.com/cbsinteractive/bakery/filters/dash.go:213.42,216.44 3 9
github.com/cbsinteractive/bakery/filters/dash.go:229.3,229.39 1 9
github.com/cbsinteractive/bakery/filters/dash.go:233.3,237.52 4 5
github.com/cbsinteractive/bakery/filters/dash.go:216.44,217.29 1 39
github.com/cbsinteractive/bakery/filters/dash.go:223.4,226.63 3 13
github.com/cbsinteractive/bakery/filters/dash.go:217.29,218.77 1 39
github.com/cbsinteractive/bakery/filters/dash.go:218.77,219.14 1 26
github.com/cbsinteractive/bakery/filters/dash.go:229.39,230.12 1 4
github.com/cbsinteractive/bakery/filters/dash.go:243.88,244.42 1 3
github.com/cbsinteractive/bakery/filters/dash.go:244.42,246.44 2 3
github.com/cbsinteractive/bakery/filters/dash.go:274.3,274.45 1 3
github.com/cbsinteractive/bakery/filters/dash.go:277.3,277.49 1 3
github.com/cbsinteractive/bakery/filters/dash.go:246.44,247.27 1 9
github.com/cbsinteractive/bakery/filters/dash.go:253.4,254.41 2 7
github.com/cbsinteractive/bakery/filters/dash.go:266.4,268.36 2 7
github.com/cbsinteractive/bakery/filters/dash.go:247.27,248.51 1 3
github.com/cbsinteractive/bakery/filters/dash.go:248.51,249.14 1 2
github.com/cbsinteractive/bakery/filters/dash.go:254.41,255.27 1 14
github.com/cbsinteractive/bakery/filters/dash.go:260.5,260.50 1 12
github.com/cbsinteractive/bakery/filters/dash.go:264.5,264.43 1 3
github.com/cbsinteractive/bakery/filters/dash.go:255.27,257.14 2 2
github.com/cbsinteractive/bakery/filters/dash.go:260.50,261.14 1 9
github.com/cbsinteractive/bakery/filters/dash.go:268.36,270.5 1 3
github.com/cbsinteractive/bakery/filters/dash.go:274.45,276.4 1 3
github.com/cbsinteractive/bakery/filters/dash.go:281.88,282.42 1 8
github.com/cbsinteractive/bakery/filters/dash.go:282.42,284.44 2 8
github.com/cbsinteractive/bakery/filters/dash.go:322.3,325.48 2 8
github.com/cbsinteractive/bakery/filters/dash.go:284.44,285.29 1 16
github.com/cbsinteractive/bakery/filters/dash.go:290.4,291.40 2 16
github.com/cbsinteractive/bakery/filters/dash.go:300.4,300.22 1 16
github.com/cbsinteractive/bakery/filters/dash.go:305.4,306.41 2 14
github.com/cbsinteractive/bakery/filters/dash.go:316.4,317.36 2 14
github.com/cbsinteractive/bakery/filters/dash.go:285.29,286.13 1 0
github.com/cbsinteractive/bakery/filters/dash.go:292.26,293.37 1 8
github.com/cbsinteractive/bakery/filters/dash.go:294.26,295.37 1 8
github.com/cbsinteractive/bakery/filters/dash.go:300.22,302.13 2 2
github.com/cbsinteractive/bakery/filters/dash.go:306.41,307.27 1 28
github.com/cbsinteractive/bakery/filters/dash.go:311.5,311.61 1 28
github.com/cbsinteractive/bakery/filters/dash.go:307.27,308.14 1 0
github.com/cbsinteractive/bakery/filters/dash.go:311.61,313.6 1 18
github.com/cbsinteractive/bakery/filters/dash.go:317.36,319.5 1 12
github.com/cbsinteractive/bakery/filters/dash.go:325.48,327.4 1 14
github.com/cbsinteractive/bakery/filters/dash.go:331.47,332.29 1 18
github.com/cbsinteractive/bakery/filters/dash.go:338.2,338.14 1 9
github.com/cbsinteractive/bakery/filters/dash.go:332.29,333.24 1 22
github.com/cbsinteractive/bakery/filters/dash.go:333.24,335.4 1 9
github.com/cbsinteractive/bakery/filters/dash.go:341.89,344.30 1 90
github.com/cbsinteractive/bakery/filters/dash.go:349.2,349.35 1 84
github.com/cbsinteractive/bakery/filters/dash.go:355.2,355.14 1 38
github.com/cbsinteractive/bakery/filters/dash.go:344.30,347.3 2 6
github.com/cbsinteractive/bakery/filters/dash.go:349.35,350.45 1 133
github.com/cbsinteractive/bakery/filters/dash.go:350.45,352.4 1 46
github.com/cbsinteractive/bakery/filters/dash.go:358.53,359.32 1 15
github.com/cbsinteractive/bakery/filters/dash.go:365.2,365.14 1 4
github.com/cbsinteractive/bakery/filters/dash.go:359.32,360.24 1 26
github.com/cbsinteractive/bakery/filters/dash.go:360.24,362.4 1 11
github.com/cbsinteractive/bakery/filters/dash.go:368.31,370.2 1 72
github.com/cbsinteractive/bakery/filters/filter.go:40.59,42.2 1 2186
github.com/cbsinteractive/bakery/filters/filter.go:45.38,49.2 1 331
github.com/cbsinteractive/bakery/filters/filter.go:52.38,56.2 1 275
github.com/cbsinteractive/bakery/filters/filter.go:59.40,62.2 1 69
github.com/cbsinteractive/bakery/filters/filter.go:64.50,66.2 1 168
github.com/cbsinteractive/bakery/filters/hls.go:35.84,41.2 1 66
github.com/cbsinteractive/bakery/filters/hls.go:44.40,46.2 1 5
github.com/cbsinteractive/bakery/filters/hls.go:50.83,52.16 2 66
github.com/cbsinteractive/bakery/filters/hls.go:56.2,56.33 1 66
github.com/cbsinteractive/bakery/filters/hls.go:61.2,65.38 4 61
github.com/cbsinteractive/bakery/filters/hls.go:100.2,100.39 1 58
github.com/cbsinteractive/bakery/filters/hls.go:52.16,54.3 1 0
github.com/cbsinteractive/bakery/filters/hls.go:56.33,58.3 1 5
github.com/cbsinteractive/bakery/filters/hls.go:65.38,66.43 1 421
github.com/cbsinteractive/bakery/filters/hls.go:70.3,71.18 2 418
github.com/cbsinteractive/bakery/filters/hls.go:75.3,76.17 2 417
github.com/cbsinteractive/bakery/filters/hls.go:80.3,81.17 2 415
github.com/cbsinteractive/bakery/filters/hls.go:85.3,85.23 1 415
github.com/cbsinteractive/bakery/filters/hls.go:89.3,90.26 2 286
github.com/cbsinteractive/bakery/filters/hls.go:97.3,97.93 1 286
github.com/cbsinteractive/bakery/filters/hls.go:66.43,67.12 1 3
github.com/cbsinteractive/bakery/filters/hls.go:71.18,73.4 1 1
github.com/cbsinteractive/bakery/filters/hls.go:76.17,78.4 1 2
github.com/cbsinteractive/bakery/filters/hls.go:81.17,83.4 1 0
github.com/cbsinteractive/bakery/filters/hls.go:85.23,86.12 1 129
github.com/cbsinteractive/bakery/filters/hls.go:90.26,92.18 2 34
github.com/cbsinteractive/bakery/filters/hls.go:92.18,94.5 1 0
github.com/cbsinteractive/bakery/filters/hls.go:104.98,107.68 2 415
github.com/cbsinteractive/bakery/filters/hls.go:113.2,113.34 1 404
github.com/cbsinteractive/bakery/filters/hls.go:124.2,124.34 1 362
github.com/cbsinteractive/bakery/filters/hls.go:135.2,135.36 1 307
github.com/cbsinteractive/bakery/filters/hls.go:146.2,146.30 1 296
github.com/cbsinteractive/bakery/filters/hls.go:154.2,154.72 1 286
github.com/cbsinteractive/bakery/filters/hls.go:158.2,158.19 1 286
github.com/cbsinteractive/bakery/filters/hls.go:107.68,108.87 1 62
github.com/cbsinteractive/bakery/filters/hls.go:108.87,110.4 1 11
github.com/cbsinteractive/bakery/filters/hls.go:113.34,115.44 2 126
github.com/cbsinteractive/bakery/filters/hls.go:118.3,119.10 2 126
github.com/cbsinteractive/bakery/filters/hls.go:115.44,117.4 1 234
github.com/cbsinteractive/bakery/filters/hls.go:119.10,121.4 1 42
github.com/cbsinteractive/bakery/filters/hls.go:124.34,126.44 2 128
github.com/cbsinteractive/bakery/filters/hls.go:129.3,130.10 2 128
github.com/cbsinteractive/bakery/filters/hls.go:126.44,128.4 1 248
github.com/cbsinteractive/bakery/filters/hls.go:130.10,132.4 1 55
github.com/cbsinteractive/bakery/filters/hls.go:135.36,137.46 2 45
github.com/cbsinteractive/bakery/filters/hls.go:140.3,141.10 2 45
github.com/cbsinteractive/bakery/filters/hls.go:137.46,139.4 1 54
github.com/cbsinteractive/bakery/filters/hls.go:141.10,143.4 1 11
github.com/cbsinteractive/bakery/filters/hls.go:146.30,147.61 1 15
github.com/cbsinteractive/bakery/filters/hls.go:147.61,149.4 1 10
github.com/cbsinteractive/bakery/filters/hls.go:154.72,156.3 1 21
github.com/cbsinteractive/bakery/filters/hls.go:162.111,163.38 1 62
github.com/cbsinteractive/bakery/filters/hls.go:190.2,190.14 1 51
github.com/cbsinteractive/bakery/filters/hls.go:163.38,166.10 2 103
github.com/cbsinteractive/bakery/filters/hls.go:185.3,185.28 1 90
github.com/cbsinteractive/bakery/filters/hls.go:167.28,168.37 1 52
github.com/cbsinteractive/bakery/filters/hls.go:172.4,173.36 2 52
github.com/cbsinteractive/bakery/filters/hls.go:174.28,175.37 1 41
github.com/cbsinteractive/bakery/filters/hls.go:179.4,180.36 2 38
github.com/cbsinteractive/bakery/filters/hls.go:181.11,182.12 1 10
github.com/cbsinteractive/bakery/filters/hls.go:168.37,169.13 1 0
github.com/cbsinteractive/bakery/filters/hls.go:175.37,176.13 1 3
github.com/cbsinteractive/bakery/filters/hls.go:185.28,187.4 1 11
github.com/cbsinteractive/bakery/filters/hls.go:194.181,199.12 3 299
github.com/cbsinteractive/bakery/filters/hls.go:203.2,204.38 2 299
github.com/cbsinteractive/bakery/filters/hls.go:215.2,215.26 1 299
github.com/cbsinteractive/bakery/filters/hls.go:199.12,201.3 1 0
github.com/cbsinteractive/bakery/filters/hls.go:204.38,205.29 1 521
github.com/cbsinteractive/bakery/filters/hls.go:205.29,206.36 1 236
github.com/cbsinteractive/bakery/filters/hls.go:206.36,207.46 1 348
github.com/cbsinteractive/bakery/filters/hls.go:207.46,209.11 2 122
github.com/cbsinteractive/bakery/filters/hls.go:218.73,221.32 2 15
github.com/cbsinteractive/bakery/filters/hls.go:227.2,227.14 1 5
github.com/cbsinteractive/bakery/filters/hls.go:221.32,222.27 1 24
github.com/cbsinteractive/bakery/filters/hls.go:222.27,224.4 1 10
github.com/cbsinteractive/bakery/filters/hls.go:231.91,232.27 1 21
github.com/cbsinteractive/bakery/filters/hls.go:236.2,236.60 1 21
github.com/cbsinteractive/bakery/filters/hls.go:250.2,252.37 3 21
github.com/cbsinteractive/bakery/filters/hls.go:270.2,271.43 2 21
github.com/cbsinteractive/bakery/filters/hls.go:274.2,274.45 1 21
github.com/cbsinteractive/bakery/filters/hls.go:277.2,277.52 1 21
github.com/cbsinteractive/bakery/filters/hls.go:232.27,234.3 1 0
github.com/cbsinteractive/bakery/filters/hls.go:236.60,237.19 1 98
github.com/cbsinteractive/bakery/filters/hls.go:241.3,241.30 1 91
github.com/cbsinteractive/bakery/filters/hls.go:247.3,247.15 1 21
github.com/cbsinteractive/bakery/filters/hls.go:237.19,239.4 1 7
github.com/cbsinteractive/bakery/filters/hls.go:241.30,242.53 1 203
github.com/cbsinteractive/bakery/filters/hls.go:242.53,244.5 1 70
github.com/cbsinteractive/bakery/filters/hls.go:252.37,254.19 2 98
github.com/cbsinteractive/bakery/filters/hls.go:263.3,263.14 1 98
github.com/cbsinteractive/bakery/filters/hls.go:255.16,256.48 1 70
github.com/cbsinteractive/bakery/filters/hls.go:257.20,258.50 1 21
github.com/cbsinteractive/bakery/filters/hls.go:259.26,260.50 1 7
github.com/cbsinteractive/bakery/filters/hls.go:263.14,266.4 2 28
github.com/cbsinteractive/bakery/filters/hls.go:271.43,273.3 1 7
github.com/cbsinteractive/bakery/filters/hls.go:274.45,276.3 1 14
github.com/cbsinteractive/bakery/filters/hls.go:277.52,279.3 1 21
github.com/cbsinteractive/bakery/filters/hls.go:282.96,283.49 1 417
github.com/cbsinteractive/bakery/filters/hls.go:291.2,292.17 2 416
github.com/cbsinteractive/bakery/filters/hls.go:295.2,296.15 2 415
github.com/cbsinteractive/bakery/filters/hls.go:283.49,285.18 2 212
github.com/cbsinteractive/bakery/filters/hls.go:288.3,288.15 1 211
github.com/cbsinteractive/bakery/filters/hls.go:285.18,287.4 1 1
github.com/cbsinteractive/bakery/filters/hls.go:292.17,294.3 1 1
github.com/cbsinteractive/bakery/filters/hls.go:299.104,304.16 5 34
github.com/cbsinteractive/bakery/filters/hls.go:308.2,308.9 1 34
github.com/cbsinteractive/bakery/filters/hls.go:317.2,317.103 1 14
github.com/cbsinteractive/bakery/filters/hls.go:304.16,306.3 1 0
github.com/cbsinteractive/bakery/filters/hls.go:309.55,310.125 1 5
github.com/cbsinteractive/bakery/filters/hls.go:311.30,312.115 1 5
github.com/cbsinteractive/bakery/filters/hls.go:313.29,314.114 1 10
github.com/cbsinteractive/bakery/filters/hls.go:320.71,321.19 1 656
github.com/cbsinteractive/bakery/filters/hls.go:324.2,325.16 2 587
github.com/cbsinteractive/bakery/filters/hls.go:328.2,328.14 1 585
github.com/cbsinteractive/bakery/filters/hls.go:335.2,335.17 1 537
github.com/cbsinteractive/bakery/filters/hls.go:321.19,323.3 1 69
github.com/cbsinteractive/bakery/filters/hls.go:325.16,327.3 1 2
github.com/cbsinteractive/bakery/filters/hls.go:328.14,330.17 2 48
github.com/cbsinteractive/bakery/filters/hls.go:333.3,333.32 1 48
github.com/cbsinteractive/bakery/filters/hls.go:330.17,332.4 1 0
github.com/cbsinteractive/bakery/filters/hls.go:338.46,340.14 2 587
github.com/cbsinteractive/bakery/filters/hls.go:343.2,343.24 1 585
github.com/cbsinteractive/bakery/filters/hls.go:340.14,342.3 1 2
github.com/cbsinteractive/bakery/filters/hls.go:348.115,350.16 2 5
github.com/cbsinteractive/bakery/filters/hls.go:357.2,359.37 3 5
github.com/cbsinteractive/bakery/filters/hls.go:388.2,391.52 3 5
github.com/cbsinteractive/bakery/filters/hls.go:350.16,352.3 1 0
github.com/cbsinteractive/bakery/filters/hls.go:359.37,360.21 1 5120
github.com/cbsinteractive/bakery/filters/hls.go:364.3,364.51 1 54
github.com/cbsinteractive/bakery/filters/hls.go:368.3,368.57 1 54
github.com/cbsinteractive/bakery/filters/hls.go:375.3,377.13 2 50
github.com/cbsinteractive/bakery/filters/hls.go:383.3,383.43 1 50
github.com/cbsinteractive/bakery/filters/hls.go:360.21,361.12 1 5066
github.com/cbsinteractive/bakery/filters/hls.go:364.51,366.4 1 7
github.com/cbsinteractive/bakery/filters/hls.go:368.57,369.82 1 4
github.com/cbsinteractive/bakery/filters/hls.go:372.4,372.12 1 4
github.com/cbsinteractive/bakery/filters/hls.go:369.82,371.5 1 0
github.com/cbsinteractive/bakery/filters/hls.go:377.13,378.82 1 24
github.com/cbsinteractive/bakery/filters/hls.go:378.82,380.5 1 0
github.com/cbsinteractive/bakery/filters/hls.go:383.43,385.4 1 4
github.com/cbsinteractive/bakery/filters/hls.go:394.40,404.24 3 5
github.com/cbsinteractive/bakery/filters/hls.go:408.2,408.15 1 5
github.com/cbsinteractive/bakery/filters/hls.go:404.24,406.3 1 1
github.com/cbsinteractive/bakery/filters/hls.go:413.88,415.16 2 28
github.com/cbsinteractive/bakery/filters/hls.go:419.2,420.16 2 28
github.com/cbsinteractive/bakery/filters/hls.go:424.2,425.16 2 28
github.com/cbsinteractive/bakery/filters/hls.go:429.2,429.12 1 28
github.com/cbsinteractive/bakery/filters/hls.go:415.16,417.3 1 0
github.com/cbsinteractive/bakery/filters/hls.go:420.16,422.3 1 0
github.com/cbsinteractive/bakery/filters/hls.go:425.16,427.3 1 0
github.com/cbsinteractive/bakery/filters/hls.go:433.52,436.2 2 446
github.com/cbsinteractive/bakery/filters/plugins.go:13.41,14.42 1 2
github.com/cbsinteractive/bakery/filters/plugins.go:14.42,15.44 1 2
github.com/cbsinteractive/bakery/filters/plugins.go:15.44,16.49 1 2
github.com/cbsinteractive/bakery/filters/plugins.go:16.49,17.90 1 1
github.com/cbsinteractive/bakery/filters/plugins.go:17.90,19.6 1 1
